[ 2017-05-10T20:27:47+08:00 ] 127.0.0.1 /api.php?s=/index/getFavoriteSongs
INFO: [ app_init ] --START--
INFO: Run Behavior\BuildLiteBehavior [ RunTime:0.000071s ]
INFO: Run Common\Behavior\InitHookBehavior [ RunTime:0.020948s ]
INFO: [ app_init ] --END-- [ RunTime:0.022629s ]
INFO: [ app_begin ] --START--
INFO: Run Behavior\ReadHtmlCacheBehavior [ RunTime:0.004640s ]
INFO: [ app_begin ] --END-- [ RunTime:0.004878s ]
SQL: SHOW COLUMNS FROM `ym_user_yun` [ RunTime:0.0042s ]
SQL: SELECT * FROM `ym_user_yun` WHERE `user_id` = 1 AND `status` = 1  [ RunTime:0.0003s ]

[ 2017-05-10T20:31:53+08:00 ] 127.0.0.1 /api.php?s=/index/getFavoriteSongs
INFO: [ app_init ] --START--
INFO: Run Behavior\BuildLiteBehavior [ RunTime:0.000015s ]
INFO: Run Common\Behavior\InitHookBehavior [ RunTime:0.011609s ]
INFO: [ app_init ] --END-- [ RunTime:0.012304s ]
INFO: [ app_begin ] --START--
INFO: Run Behavior\ReadHtmlCacheBehavior [ RunTime:0.003075s ]
INFO: [ app_begin ] --END-- [ RunTime:0.003156s ]
SQL: SHOW COLUMNS FROM `ym_user_yun` [ RunTime:0.0051s ]
SQL: SELECT * FROM `ym_user_yun` WHERE `user_id` = 1 AND `status` = 1  [ RunTime:0.0003s ]

[ 2017-05-10T20:32:41+08:00 ] 127.0.0.1 /api.php?s=/index/getFavoriteSongs
INFO: [ app_init ] --START--
INFO: Run Behavior\BuildLiteBehavior [ RunTime:0.000025s ]
INFO: Run Common\Behavior\InitHookBehavior [ RunTime:0.014047s ]
INFO: [ app_init ] --END-- [ RunTime:0.015788s ]
INFO: [ app_begin ] --START--
INFO: Run Behavior\ReadHtmlCacheBehavior [ RunTime:0.004741s ]
INFO: [ app_begin ] --END-- [ RunTime:0.004850s ]

[ 2017-05-10T20:33:02+08:00 ] 127.0.0.1 /api.php?s=/index/getFavoriteSongs
INFO: [ app_init ] --START--
INFO: Run Behavior\BuildLiteBehavior [ RunTime:0.000032s ]
INFO: Run Common\Behavior\InitHookBehavior [ RunTime:0.011249s ]
INFO: [ app_init ] --END-- [ RunTime:0.012178s ]
INFO: [ app_begin ] --START--
INFO: Run Behavior\ReadHtmlCacheBehavior [ RunTime:0.002620s ]
INFO: [ app_begin ] --END-- [ RunTime:0.002683s ]

[ 2017-05-10T20:33:30+08:00 ] 127.0.0.1 /api.php?s=/index/getFavoriteSongs
INFO: [ app_init ] --START--
INFO: Run Behavior\BuildLiteBehavior [ RunTime:0.000014s ]
INFO: Run Common\Behavior\InitHookBehavior [ RunTime:0.011596s ]
INFO: [ app_init ] --END-- [ RunTime:0.012224s ]
INFO: [ app_begin ] --START--
INFO: Run Behavior\ReadHtmlCacheBehavior [ RunTime:0.003565s ]
INFO: [ app_begin ] --END-- [ RunTime:0.003623s ]
SQL: SHOW COLUMNS FROM `ym_user_yun` [ RunTime:0.0042s ]
SQL: SELECT * FROM `ym_user_yun` WHERE `user_id` = 1 AND `status` = 1  [ RunTime:0.0002s ]

[ 2017-05-10T20:33:32+08:00 ] 127.0.0.1 /api.php?s=/index/getFavoriteSongs
INFO: [ app_init ] --START--
INFO: Run Behavior\BuildLiteBehavior [ RunTime:0.000013s ]
INFO: Run Common\Behavior\InitHookBehavior [ RunTime:0.010807s ]
INFO: [ app_init ] --END-- [ RunTime:0.011416s ]
INFO: [ app_begin ] --START--
INFO: Run Behavior\ReadHtmlCacheBehavior [ RunTime:0.002505s ]
INFO: [ app_begin ] --END-- [ RunTime:0.002559s ]
SQL: SHOW COLUMNS FROM `ym_user_yun` [ RunTime:0.0057s ]
SQL: SELECT * FROM `ym_user_yun` WHERE `user_id` = 1 AND `status` = 1  [ RunTime:0.0008s ]

[ 2017-05-10T20:42:31+08:00 ] 127.0.0.1 /api.php?s=/index/getFavoriteSongs
INFO: [ app_init ] --START--
INFO: Run Behavior\BuildLiteBehavior [ RunTime:0.000013s ]
INFO: Run Common\Behavior\InitHookBehavior [ RunTime:0.011602s ]
INFO: [ app_init ] --END-- [ RunTime:0.012254s ]
INFO: [ app_begin ] --START--
INFO: Run Behavior\ReadHtmlCacheBehavior [ RunTime:0.002993s ]
INFO: [ app_begin ] --END-- [ RunTime:0.003057s ]
SQL: SHOW COLUMNS FROM `ym_user_yun` [ RunTime:0.0049s ]
SQL: SELECT * FROM `ym_user_yun` WHERE `user_id` = 1 AND `status` = 1  [ RunTime:0.0003s ]

[ 2017-05-10T20:44:04+08:00 ] 127.0.0.1 /api.php?s=/index/getFavoriteSongs
INFO: [ app_init ] --START--
INFO: Run Behavior\BuildLiteBehavior [ RunTime:0.000014s ]
INFO: Run Common\Behavior\InitHookBehavior [ RunTime:0.018731s ]
INFO: [ app_init ] --END-- [ RunTime:0.019670s ]
INFO: [ app_begin ] --START--
INFO: Run Behavior\ReadHtmlCacheBehavior [ RunTime:0.002744s ]
INFO: [ app_begin ] --END-- [ RunTime:0.002801s ]
SQL: SHOW COLUMNS FROM `ym_user_yun` [ RunTime:0.0084s ]
SQL: SELECT * FROM `ym_user_yun` WHERE `user_id` = 2 AND `status` = 1  [ RunTime:0.0003s ]

[ 2017-05-10T20:44:17+08:00 ] 127.0.0.1 /api.php?s=/index/getFavoriteSongs
INFO: [ app_init ] --START--
INFO: Run Behavior\BuildLiteBehavior [ RunTime:0.000016s ]
INFO: Run Common\Behavior\InitHookBehavior [ RunTime:0.015930s ]
INFO: [ app_init ] --END-- [ RunTime:0.016867s ]
INFO: [ app_begin ] --START--
INFO: Run Behavior\ReadHtmlCacheBehavior [ RunTime:0.002981s ]
INFO: [ app_begin ] --END-- [ RunTime:0.003049s ]
SQL: SHOW COLUMNS FROM `ym_user_yun` [ RunTime:0.0050s ]
SQL: SELECT * FROM `ym_user_yun` WHERE `user_id` = 2 AND `status` = 1  [ RunTime:0.0003s ]

[ 2017-05-10T20:44:55+08:00 ] 127.0.0.1 /api.php?s=/index/cancelFavorite
INFO: [ app_init ] --START--
INFO: Run Behavior\BuildLiteBehavior [ RunTime:0.000014s ]
INFO: Run Common\Behavior\InitHookBehavior [ RunTime:0.011193s ]
INFO: [ app_init ] --END-- [ RunTime:0.011834s ]
INFO: [ app_begin ] --START--
INFO: Run Behavior\ReadHtmlCacheBehavior [ RunTime:0.003129s ]
INFO: [ app_begin ] --END-- [ RunTime:0.003186s ]
SQL: SHOW COLUMNS FROM `ym_user_yun` [ RunTime:0.0084s ]
SQL: UPDATE `ym_user_yun` SET `status`='2',`updatetime`='1494420295' WHERE `user_id` = 2 AND `song_id` = 1 [ RunTime:0.0003s ]

[ 2017-05-10T20:45:22+08:00 ] 127.0.0.1 /api.php?s=/index/favoriteSong
INFO: [ app_init ] --START--
INFO: Run Behavior\BuildLiteBehavior [ RunTime:0.000013s ]
INFO: Run Common\Behavior\InitHookBehavior [ RunTime:0.013319s ]
INFO: [ app_init ] --END-- [ RunTime:0.013948s ]
INFO: [ app_begin ] --START--
INFO: Run Behavior\ReadHtmlCacheBehavior [ RunTime:0.002731s ]
INFO: [ app_begin ] --END-- [ RunTime:0.003530s ]
SQL: SHOW COLUMNS FROM `ym_user_yun` [ RunTime:0.0073s ]
SQL: SELECT COUNT(*) AS tp_count FROM `ym_user_yun` WHERE `user_id` = 2 AND `song_id` = 1 LIMIT 1   [ RunTime:0.0002s ]
SQL: UPDATE `ym_user_yun` SET `status`='1',`updatetime`='1494420322' WHERE `user_id` = 2 AND `song_id` = 1 [ RunTime:0.0002s ]

