[ 2017-05-13T20:37:32+08:00 ] 127.0.0.1 /api.php?s=/index/getSongListByType&album_id=22&limit=10
INFO: [ app_init ] --START--
INFO: Run Behavior\BuildLiteBehavior [ RunTime:0.000022s ]
INFO: Run Common\Behavior\InitHookBehavior [ RunTime:0.016078s ]
INFO: [ app_init ] --END-- [ RunTime:0.017231s ]
INFO: [ app_begin ] --START--
INFO: Run Behavior\ReadHtmlCacheBehavior [ RunTime:0.004323s ]
INFO: [ app_begin ] --END-- [ RunTime:0.004712s ]
SQL: SHOW COLUMNS FROM `ym_songs` [ RunTime:0.0080s ]
SQL: select song.id,song.name,song.artist_id,song.artist_name,song.cover_url,extend.listen_url,extend.down_url from ym_songs song left join ym_songs_extend extend on extend.mid = song.id
      where song.status = 1 order by song.add_time desc limit 10 [ RunTime:0.0013s ]

[ 2017-05-13T20:38:23+08:00 ] 127.0.0.1 /api.php?s=/index/getSongListByType&album_id=22&limit=10
INFO: [ app_init ] --START--
INFO: Run Behavior\BuildLiteBehavior [ RunTime:0.000014s ]
INFO: Run Common\Behavior\InitHookBehavior [ RunTime:0.013119s ]
INFO: [ app_init ] --END-- [ RunTime:0.013876s ]
INFO: [ app_begin ] --START--
INFO: Run Behavior\ReadHtmlCacheBehavior [ RunTime:0.003024s ]
INFO: [ app_begin ] --END-- [ RunTime:0.003107s ]
SQL: SHOW COLUMNS FROM `ym_songs` [ RunTime:0.0059s ]
SQL: select song.id,song.name,song.artist_id,song.artist_name,song.cover_url,extend.listen_url,extend.down_url from ym_songs song left join ym_songs_extend extend on extend.mid = song.id
      where song.status = 1 order by song.add_time desc limit 10 [ RunTime:0.0004s ]

[ 2017-05-13T20:40:40+08:00 ] 127.0.0.1 /api.php?s=/index/getSongListByType&album_id=22&limit=10
INFO: [ app_init ] --START--
INFO: Run Behavior\BuildLiteBehavior [ RunTime:0.000023s ]
INFO: Run Common\Behavior\InitHookBehavior [ RunTime:0.015382s ]
INFO: [ app_init ] --END-- [ RunTime:0.016619s ]
INFO: [ app_begin ] --START--
INFO: Run Behavior\ReadHtmlCacheBehavior [ RunTime:0.003324s ]
INFO: [ app_begin ] --END-- [ RunTime:0.003400s ]
SQL: SHOW COLUMNS FROM `ym_songs` [ RunTime:0.0058s ]
SQL: select song.id,song.name,song.artist_id,song.artist_name,song.cover_url,extend.listen_url,extend.down_url from ym_songs song left join ym_songs_extend extend on extend.mid = song.id
      where song.status = 1 order by song.add_time desc limit 10 [ RunTime:0.0004s ]

[ 2017-05-13T20:41:07+08:00 ] 127.0.0.1 /api.php?s=/index/getSongListByType&album_id=22&limit=10
INFO: [ app_init ] --START--
INFO: Run Behavior\BuildLiteBehavior [ RunTime:0.000021s ]
INFO: Run Common\Behavior\InitHookBehavior [ RunTime:0.014066s ]
INFO: [ app_init ] --END-- [ RunTime:0.014963s ]
INFO: [ app_begin ] --START--
INFO: Run Behavior\ReadHtmlCacheBehavior [ RunTime:0.003537s ]
INFO: [ app_begin ] --END-- [ RunTime:0.003615s ]
SQL: SHOW COLUMNS FROM `ym_songs` [ RunTime:0.0062s ]
SQL: select song.id,song.name,song.artist_id,song.artist_name,song.cover_url,extend.listen_url,extend.down_url from ym_songs song left join ym_songs_extend extend on extend.mid = song.id
      where song.status = 1 order by song.add_time desc limit 10 [ RunTime:0.0004s ]

[ 2017-05-13T20:41:09+08:00 ] 127.0.0.1 /api.php?s=/index/getSongListByType&album_id=22&limit=10
INFO: [ app_init ] --START--
INFO: Run Behavior\BuildLiteBehavior [ RunTime:0.000015s ]
INFO: Run Common\Behavior\InitHookBehavior [ RunTime:0.015177s ]
INFO: [ app_init ] --END-- [ RunTime:0.015854s ]
INFO: [ app_begin ] --START--
INFO: Run Behavior\ReadHtmlCacheBehavior [ RunTime:0.004960s ]
INFO: [ app_begin ] --END-- [ RunTime:0.005052s ]
SQL: SHOW COLUMNS FROM `ym_songs` [ RunTime:0.0092s ]
SQL: select song.id,song.name,song.artist_id,song.artist_name,song.cover_url,extend.listen_url,extend.down_url from ym_songs song left join ym_songs_extend extend on extend.mid = song.id
      where song.status = 1 order by song.add_time desc limit 10 [ RunTime:0.0004s ]

[ 2017-05-13T20:41:10+08:00 ] 127.0.0.1 /api.php?s=/index/getSongListByType&album_id=22&limit=10
INFO: [ app_init ] --START--
INFO: Run Behavior\BuildLiteBehavior [ RunTime:0.000014s ]
INFO: Run Common\Behavior\InitHookBehavior [ RunTime:0.014605s ]
INFO: [ app_init ] --END-- [ RunTime:0.015260s ]
INFO: [ app_begin ] --START--
INFO: Run Behavior\ReadHtmlCacheBehavior [ RunTime:0.002963s ]
INFO: [ app_begin ] --END-- [ RunTime:0.003028s ]
SQL: SHOW COLUMNS FROM `ym_songs` [ RunTime:0.0054s ]
SQL: select song.id,song.name,song.artist_id,song.artist_name,song.cover_url,extend.listen_url,extend.down_url from ym_songs song left join ym_songs_extend extend on extend.mid = song.id
      where song.status = 1 order by song.add_time desc limit 10 [ RunTime:0.0004s ]

[ 2017-05-13T20:41:27+08:00 ] 127.0.0.1 /api.php?s=/index/getSongListByType&album_id=22&limit=10
INFO: [ app_init ] --START--
INFO: Run Behavior\BuildLiteBehavior [ RunTime:0.000014s ]
INFO: Run Common\Behavior\InitHookBehavior [ RunTime:0.015703s ]
INFO: [ app_init ] --END-- [ RunTime:0.016440s ]
INFO: [ app_begin ] --START--
INFO: Run Behavior\ReadHtmlCacheBehavior [ RunTime:0.004443s ]
INFO: [ app_begin ] --END-- [ RunTime:0.004528s ]
SQL: SHOW COLUMNS FROM `ym_songs` [ RunTime:0.0039s ]
SQL: select song.id,song.name,song.artist_id,song.artist_name,song.cover_url,extend.listen_url,extend.down_url from ym_songs song left join ym_songs_extend extend on extend.mid = song.id
      where song.status = 1 order by song.add_time desc limit 10 [ RunTime:0.0004s ]

[ 2017-05-13T20:41:28+08:00 ] 127.0.0.1 /api.php?s=/index/getSongListByType&album_id=22&limit=10
INFO: [ app_init ] --START--
INFO: Run Behavior\BuildLiteBehavior [ RunTime:0.000023s ]
INFO: Run Common\Behavior\InitHookBehavior [ RunTime:0.018655s ]
INFO: [ app_init ] --END-- [ RunTime:0.020411s ]
INFO: [ app_begin ] --START--
INFO: Run Behavior\ReadHtmlCacheBehavior [ RunTime:0.003696s ]
INFO: [ app_begin ] --END-- [ RunTime:0.003775s ]
SQL: SHOW COLUMNS FROM `ym_songs` [ RunTime:0.0054s ]
SQL: select song.id,song.name,song.artist_id,song.artist_name,song.cover_url,extend.listen_url,extend.down_url from ym_songs song left join ym_songs_extend extend on extend.mid = song.id
      where song.status = 1 order by song.add_time desc limit 10 [ RunTime:0.0004s ]

[ 2017-05-13T20:41:49+08:00 ] 127.0.0.1 /api.php?s=/index/getSongListByType&album_id=22&limit=10
INFO: [ app_init ] --START--
INFO: Run Behavior\BuildLiteBehavior [ RunTime:0.000017s ]
INFO: Run Common\Behavior\InitHookBehavior [ RunTime:0.012793s ]
INFO: [ app_init ] --END-- [ RunTime:0.013588s ]
INFO: [ app_begin ] --START--
INFO: Run Behavior\ReadHtmlCacheBehavior [ RunTime:0.003237s ]
INFO: [ app_begin ] --END-- [ RunTime:0.003305s ]
SQL: SHOW COLUMNS FROM `ym_songs` [ RunTime:0.0033s ]
SQL: select song.id,song.name,song.artist_id,song.artist_name,song.cover_url,extend.listen_url,extend.down_url from ym_songs song left join ym_songs_extend extend on extend.mid = song.id
      where song.status = 1 and song.position = 3 order by song.add_time desc limit 10 [ RunTime:0.0004s ]

[ 2017-05-13T20:41:50+08:00 ] 127.0.0.1 /api.php?s=/index/getSongListByType&album_id=22&limit=10
INFO: [ app_init ] --START--
INFO: Run Behavior\BuildLiteBehavior [ RunTime:0.000016s ]
INFO: Run Common\Behavior\InitHookBehavior [ RunTime:0.017539s ]
INFO: [ app_init ] --END-- [ RunTime:0.018438s ]
INFO: [ app_begin ] --START--
INFO: Run Behavior\ReadHtmlCacheBehavior [ RunTime:0.003198s ]
INFO: [ app_begin ] --END-- [ RunTime:0.003318s ]
SQL: SHOW COLUMNS FROM `ym_songs` [ RunTime:0.0060s ]
SQL: select song.id,song.name,song.artist_id,song.artist_name,song.cover_url,extend.listen_url,extend.down_url from ym_songs song left join ym_songs_extend extend on extend.mid = song.id
      where song.status = 1 and song.position = 3 order by song.add_time desc limit 10 [ RunTime:0.0005s ]

[ 2017-05-13T20:42:28+08:00 ] 127.0.0.1 /api.php?s=/index/getSongListByType&album_id=22&limit=10&position=22
INFO: [ app_init ] --START--
INFO: Run Behavior\BuildLiteBehavior [ RunTime:0.000016s ]
INFO: Run Common\Behavior\InitHookBehavior [ RunTime:0.018182s ]
INFO: [ app_init ] --END-- [ RunTime:0.018975s ]
INFO: [ app_begin ] --START--
INFO: Run Behavior\ReadHtmlCacheBehavior [ RunTime:0.003110s ]
INFO: [ app_begin ] --END-- [ RunTime:0.003178s ]
SQL: SHOW COLUMNS FROM `ym_songs` [ RunTime:0.0057s ]
SQL: select song.id,song.name,song.artist_id,song.artist_name,song.cover_url,extend.listen_url,extend.down_url from ym_songs song left join ym_songs_extend extend on extend.mid = song.id
      where song.status = 1 and song.position = 3 order by song.add_time desc limit 10 [ RunTime:0.0004s ]

[ 2017-05-13T20:42:32+08:00 ] 127.0.0.1 /api.php?s=/index/getSongListByType&album_id=22&limit=10&position=22
INFO: [ app_init ] --START--
INFO: Run Behavior\BuildLiteBehavior [ RunTime:0.000022s ]
INFO: Run Common\Behavior\InitHookBehavior [ RunTime:0.018370s ]
INFO: [ app_init ] --END-- [ RunTime:0.019266s ]
INFO: [ app_begin ] --START--
INFO: Run Behavior\ReadHtmlCacheBehavior [ RunTime:0.004258s ]
INFO: [ app_begin ] --END-- [ RunTime:0.004354s ]
SQL: SHOW COLUMNS FROM `ym_songs` [ RunTime:0.0053s ]
SQL: select song.id,song.name,song.artist_id,song.artist_name,song.cover_url,extend.listen_url,extend.down_url from ym_songs song left join ym_songs_extend extend on extend.mid = song.id
      where song.status = 1 order by song.add_time desc limit 10 [ RunTime:0.0005s ]

[ 2017-05-13T20:42:50+08:00 ] 127.0.0.1 /api.php?s=/index/getSongListByType&album_id=22&limit=10&position=22
INFO: [ app_init ] --START--
INFO: Run Behavior\BuildLiteBehavior [ RunTime:0.000015s ]
INFO: Run Common\Behavior\InitHookBehavior [ RunTime:0.014452s ]
INFO: [ app_init ] --END-- [ RunTime:0.015424s ]
INFO: [ app_begin ] --START--
INFO: Run Behavior\ReadHtmlCacheBehavior [ RunTime:0.003454s ]
INFO: [ app_begin ] --END-- [ RunTime:0.003530s ]
SQL: SHOW COLUMNS FROM `ym_songs` [ RunTime:0.0051s ]
SQL: select song.id,song.name,song.artist_id,song.artist_name,song.cover_url,extend.listen_url,extend.down_url from ym_songs song left join ym_songs_extend extend on extend.mid = song.id
      where song.status = 1 order by song.add_time desc limit 10 [ RunTime:0.0004s ]

[ 2017-05-13T20:42:52+08:00 ] 127.0.0.1 /api.php?s=/index/getSongListByType&album_id=22&limit=10&position=22
INFO: [ app_init ] --START--
INFO: Run Behavior\BuildLiteBehavior [ RunTime:0.000040s ]
INFO: Run Common\Behavior\InitHookBehavior [ RunTime:0.015517s ]
INFO: [ app_init ] --END-- [ RunTime:0.016418s ]
INFO: [ app_begin ] --START--
INFO: Run Behavior\ReadHtmlCacheBehavior [ RunTime:0.003242s ]
INFO: [ app_begin ] --END-- [ RunTime:0.003317s ]
SQL: SHOW COLUMNS FROM `ym_songs` [ RunTime:0.0052s ]
SQL: select song.id,song.name,song.artist_id,song.artist_name,song.cover_url,extend.listen_url,extend.down_url from ym_songs song left join ym_songs_extend extend on extend.mid = song.id
      where song.status = 1 order by song.add_time desc limit 10 [ RunTime:0.0004s ]

[ 2017-05-13T20:43:55+08:00 ] 127.0.0.1 /api.php?s=/index/getSongListByType&album_id=22&limit=10&position=22
INFO: [ app_init ] --START--
INFO: Run Behavior\BuildLiteBehavior [ RunTime:0.000017s ]
INFO: Run Common\Behavior\InitHookBehavior [ RunTime:0.013448s ]
INFO: [ app_init ] --END-- [ RunTime:0.014240s ]
INFO: [ app_begin ] --START--
INFO: Run Behavior\ReadHtmlCacheBehavior [ RunTime:0.003798s ]
INFO: [ app_begin ] --END-- [ RunTime:0.003873s ]
SQL: SHOW COLUMNS FROM `ym_songs` [ RunTime:0.0062s ]
SQL: select song.id,song.name,song.artist_id,song.artist_name,song.cover_url,extend.listen_url,extend.down_url from ym_songs song left join ym_songs_extend extend on extend.mid = song.id
      where song.status = 1 order by song.add_time desc limit 10 [ RunTime:0.0006s ]

[ 2017-05-13T20:44:10+08:00 ] 127.0.0.1 /api.php?s=/index/getSongListByType&album_id=22&limit=10&position=22
INFO: [ app_init ] --START--
INFO: Run Behavior\BuildLiteBehavior [ RunTime:0.000024s ]
INFO: Run Common\Behavior\InitHookBehavior [ RunTime:0.014792s ]
INFO: [ app_init ] --END-- [ RunTime:0.015666s ]
INFO: [ app_begin ] --START--
INFO: Run Behavior\ReadHtmlCacheBehavior [ RunTime:0.004473s ]
INFO: [ app_begin ] --END-- [ RunTime:0.004554s ]
SQL: SHOW COLUMNS FROM `ym_songs` [ RunTime:0.0041s ]
SQL: select song.id,song.name,song.artist_id,song.artist_name,song.cover_url,extend.listen_url,extend.down_url from ym_songs song left join ym_songs_extend extend on extend.mid = song.id
      where song.status = 1 order by song.add_time desc limit 10 [ RunTime:0.0004s ]

[ 2017-05-13T20:45:47+08:00 ] 127.0.0.1 /api.php?s=/index/getSongListByType&album_id=22&limit=10&position=22
INFO: [ app_init ] --START--
INFO: Run Behavior\BuildLiteBehavior [ RunTime:0.000018s ]
INFO: Run Common\Behavior\InitHookBehavior [ RunTime:0.016297s ]
INFO: [ app_init ] --END-- [ RunTime:0.017059s ]
INFO: [ app_begin ] --START--
INFO: Run Behavior\ReadHtmlCacheBehavior [ RunTime:0.004138s ]
INFO: [ app_begin ] --END-- [ RunTime:0.004242s ]

[ 2017-05-13T20:46:38+08:00 ] 127.0.0.1 /api.php?s=/index/getSongListByType&album_id=22&limit=10&position=22
INFO: [ app_init ] --START--
INFO: Run Behavior\BuildLiteBehavior [ RunTime:0.000015s ]
INFO: Run Common\Behavior\InitHookBehavior [ RunTime:0.017436s ]
INFO: [ app_init ] --END-- [ RunTime:0.018388s ]
INFO: [ app_begin ] --START--
INFO: Run Behavior\ReadHtmlCacheBehavior [ RunTime:0.008726s ]
INFO: [ app_begin ] --END-- [ RunTime:0.008816s ]
SQL: SHOW COLUMNS FROM `ym_songs` [ RunTime:0.0089s ]
SQL: select song.id,song.name,song.artist_id,song.artist_name,song.cover_url,extend.listen_url,extend.down_url from ym_songs song left join ym_songs_extend extend on extend.mid = song.id
      where song.status = 1 and song.album_id = 22 and song.position = 22 order by song.add_time desc limit 10 [ RunTime:0.0004s ]

[ 2017-05-13T20:47:04+08:00 ] 127.0.0.1 /api.php?s=/index/getSongListByType&album_id=22&limit=10&position=22
INFO: [ app_init ] --START--
INFO: Run Behavior\BuildLiteBehavior [ RunTime:0.000015s ]
INFO: Run Common\Behavior\InitHookBehavior [ RunTime:0.014170s ]
INFO: [ app_init ] --END-- [ RunTime:0.014955s ]
INFO: [ app_begin ] --START--
INFO: Run Behavior\ReadHtmlCacheBehavior [ RunTime:0.006758s ]
INFO: [ app_begin ] --END-- [ RunTime:0.006841s ]
SQL: SHOW COLUMNS FROM `ym_songs` [ RunTime:0.0058s ]
SQL: select song.id,song.name,song.artist_id,song.artist_name,song.cover_url,extend.listen_url,extend.down_url from ym_songs song left join ym_songs_extend extend on extend.mid = song.id
      where song.status = 1 and song.album_id = 22 and song.position = 22 order by song.add_time desc limit 10 [ RunTime:0.0004s ]

[ 2017-05-13T20:48:49+08:00 ] 127.0.0.1 /api.php?s=/index/getSongListByType&album_id=1
INFO: [ app_init ] --START--
INFO: Run Behavior\BuildLiteBehavior [ RunTime:0.000101s ]
INFO: Run Common\Behavior\InitHookBehavior [ RunTime:0.014154s ]
INFO: [ app_init ] --END-- [ RunTime:0.015878s ]
INFO: [ app_begin ] --START--
INFO: Run Behavior\ReadHtmlCacheBehavior [ RunTime:0.003262s ]
INFO: [ app_begin ] --END-- [ RunTime:0.003336s ]
SQL: SHOW COLUMNS FROM `ym_songs` [ RunTime:0.0085s ]
SQL: select song.id,song.name,song.artist_id,song.artist_name,song.cover_url,extend.listen_url,extend.down_url from ym_songs song left join ym_songs_extend extend on extend.mid = song.id
      where song.status = 1 and song.album_id = 1 order by song.add_time desc limit 10 [ RunTime:0.0004s ]

